<?xml version="1.0" encoding="UTF-8"?>
<testsuite name="org.autotest.generated.RegressionTest" tests="1" skipped="0" failures="0" errors="0" timestamp="2024-10-05T23:29:52" hostname="HP-VIOLETA" time="1.45">
  <properties/>
  <testcase name="run()" classname="org.autotest.generated.RegressionTest" time="1.45"/>
  <system-out><![CDATA[-> Corriendo tests de RegressionTest para la clase: StackAr (Stack original)
-> Corriendo tests de RegressionTest para la clase: StackArMutated9 (EmptyReturnsMutator: Se reemplazó result por 0 en la línea 96.)
-> Corriendo tests de RegressionTest para la clase: StackArMutated194 (MinusOneConstantMutator: Se reemplazó 0 por -1 en la línea 120.)
-> Corriendo tests de RegressionTest para la clase: StackArMutated2834 (MathMutator: Se reemplazó * por / en la línea 94.)
-> Corriendo tests de RegressionTest para la clase: StackArMutated6719 (NullReturnsMutator: Se reemplazó rv por null en la línea 87.)
-> Corriendo tests de RegressionTest para la clase: StackArMutated7807 (MinusOneConstantMutator: Se reemplazó 31 por -1 en la línea 92.)
-> Corriendo tests de RegressionTest para la clase: StackArMutated3727 (FalseReturnsMutator: Se reemplazó true por false en la línea 102.)
-> Corriendo tests de RegressionTest para la clase: StackArMutated9038 (FalseReturnsMutator: Se reemplazó true por false en la línea 112.)
-> Corriendo tests de RegressionTest para la clase: StackArMutated1027 (MathMutator: Se reemplazó * por / en la línea 95.)
-> Corriendo tests de RegressionTest para la clase: StackArMutated5942 (TrueConditionalsMutator: Se reemplazó isFull() por true en la línea 65.)
-> Corriendo tests de RegressionTest para la clase: StackArMutated8978 (TrueReturnsMutator: Se reemplazó false por true en la línea 109.)
-> Corriendo tests de RegressionTest para la clase: StackArMutated1153 (MinusOneConstantMutator: Se reemplazó 1 por -1 en la línea 93.)
-> Corriendo tests de RegressionTest para la clase: StackArMutated2121 (OneConstantMutator: Se reemplazó 0 por 1 en la línea 19.)
-> Corriendo tests de RegressionTest para la clase: StackArMutated3453 (ConditionalsBoundaryMutator: Se reemplazó > por >= en la línea 120.)
-> Corriendo tests de RegressionTest para la clase: StackArMutated1473 (TrueConditionalsMutator: Se reemplazó capacity < 0 por true en la línea 19.)
-> Corriendo tests de RegressionTest para la clase: StackArMutated3375 (FalseReturnsMutator: Se reemplazó size() == 0 por false en la línea 57.)
-> Corriendo tests de RegressionTest para la clase: StackArMutated4860 (TrueReturnsMutator: Se reemplazó false por true en la línea 104.)
-> Corriendo tests de RegressionTest para la clase: StackArMutated1552 (ZeroConstantMutator: Se reemplazó 1 por 0 en la línea 93.)
-> Corriendo tests de RegressionTest para la clase: StackArMutated3052 (NegateConditionsMutator: Se reemplazó != por == en la línea 105.)
-> Corriendo tests de RegressionTest para la clase: StackArMutated5750 (NullReturnsMutator: Se reemplazó b.toString() por null en la línea 128.)
-> Corriendo tests de RegressionTest para la clase: StackArMutated594 (MathMutator: Se reemplazó + por - en la línea 53.)
-> Corriendo tests de RegressionTest para la clase: StackArMutated2120 (TrueConditionalsMutator: Se reemplazó readIndex != other.readIndex por true en la línea 110.)
-> Corriendo tests de RegressionTest para la clase: StackArMutated8067 (MinusOneConstantMutator: Se reemplazó 0 por -1 en la línea 19.)
-> Corriendo tests de RegressionTest para la clase: StackArMutated7373 (MathMutator: Se reemplazó + por - en la línea 95.)
-> Corriendo tests de RegressionTest para la clase: StackArMutated517 (ZeroConstantMutator: Se reemplazó 1 por 0 en la línea 53.)
-> Corriendo tests de RegressionTest para la clase: StackArMutated4909 (FalseConditionalsMutator: Se reemplazó obj == null por false en la línea 103.)
-> Corriendo tests de RegressionTest para la clase: StackArMutated2844 (MinusOneConstantMutator: Se reemplazó 1 por -1 en la línea 53.)
-> Corriendo tests de RegressionTest para la clase: StackArMutated260 (FalseReturnsMutator: Se reemplazó size() == elems.length por false en la línea 61.)
-> Corriendo tests de RegressionTest para la clase: StackArMutated9764 (FalseConditionalsMutator: Se reemplazó !java.util.Arrays.equals(elems, other.elems) por false en la línea 108.)
-> Corriendo tests de RegressionTest para la clase: StackArMutated2726 (TrueConditionalsMutator: Se reemplazó obj == null por true en la línea 103.)
-> Corriendo tests de RegressionTest para la clase: StackArMutated8902 (NegateConditionsMutator: Se reemplazó != por == en la línea 110.)
-> Corriendo tests de RegressionTest para la clase: StackArMutated3414 (OneConstantMutator: Se reemplazó 0 por 1 en la línea 57.)
-> Corriendo tests de RegressionTest para la clase: StackArMutated143 (NegateConditionsMutator: Se reemplazó <= por > en la línea 119.)
-> Corriendo tests de RegressionTest para la clase: StackArMutated8235 (OneConstantMutator: Se reemplazó 0 por 1 en la línea 119.)
-> Corriendo tests de RegressionTest para la clase: StackArMutated7585 (OneConstantMutator: Se reemplazó 0 por 1 en la línea 120.)
-> Corriendo tests de RegressionTest para la clase: StackArMutated6650 (FalseConditionalsMutator: Se reemplazó isFull() por false en la línea 65.)
-> Corriendo tests de RegressionTest para la clase: StackArMutated4193 (TrueReturnsMutator: Se reemplazó false por true en la línea 106.)
-> Corriendo tests de RegressionTest para la clase: StackArMutated2819 (ConditionalsBoundaryMutator: Se reemplazó <= por < en la línea 119.)
-> Corriendo tests de RegressionTest para la clase: StackArMutated3905 (TrueConditionalsMutator: Se reemplazó i > 0 por true en la línea 120.)
-> Corriendo tests de RegressionTest para la clase: StackArMutated9692 (EmptyReturnsMutator: Se reemplazó b.toString() por "" en la línea 128.)
-> Corriendo tests de RegressionTest para la clase: StackArMutated5928 (FalseConditionalsMutator: Se reemplazó isEmpty() por false en la línea 73.)
-> Corriendo tests de RegressionTest para la clase: StackArMutated3902 (OneConstantMutator: Se reemplazó 10 por 1 en la línea 8.)
-> Corriendo tests de RegressionTest para la clase: StackArMutated9853 (MinusOneConstantMutator: Se reemplazó 0 por -1 en la línea 119.)
-> Corriendo tests de RegressionTest para la clase: StackArMutated3622 (ConditionalsBoundaryMutator: Se reemplazó < por <= en la línea 19.)
-> Corriendo tests de RegressionTest para la clase: StackArMutated4039 (TrueReturnsMutator: Se reemplazó size() == 0 por true en la línea 57.)
-> Corriendo tests de RegressionTest para la clase: StackArMutated1842 (NegateConditionsMutator: Se reemplazó == por != en la línea 61.)
-> Corriendo tests de RegressionTest para la clase: StackArMutated3430 (TrueConditionalsMutator: Se reemplazó isEmpty() por true en la línea 73.)
-> Corriendo tests de RegressionTest para la clase: StackArMutated5259 (FalseConditionalsMutator: Se reemplazó capacity < 0 por false en la línea 19.)
-> Corriendo tests de RegressionTest para la clase: StackArMutated3235 (TrueConditionalsMutator: Se reemplazó !java.util.Arrays.equals(elems, other.elems) por true en la línea 108.)
-> Corriendo tests de RegressionTest para la clase: StackArMutated6983 (NegateConditionsMutator: Se reemplazó == por != en la línea 57.)
-> Corriendo tests de RegressionTest para la clase: StackArMutated8249 (NullReturnsMutator: Se reemplazó rv por null en la línea 79.)
-> Corriendo tests de RegressionTest para la clase: StackArMutated8403 (TrueReturnsMutator: Se reemplazó false por true en la línea 111.)
-> Corriendo tests de RegressionTest para la clase: StackArMutated573 (TrueConditionalsMutator: Se reemplazó getClass() != obj.getClass() por true en la línea 105.)
-> Corriendo tests de RegressionTest para la clase: StackArMutated6541 (NegateConditionsMutator: Se reemplazó == por != en la línea 101.)
-> Corriendo tests de RegressionTest para la clase: StackArMutated1371 (FalseConditionalsMutator: Se reemplazó getClass() != obj.getClass() por false en la línea 105.)
-> Corriendo tests de RegressionTest para la clase: StackArMutated8363 (MathMutator: Se reemplazó + por - en la línea 94.)
-> Corriendo tests de RegressionTest para la clase: StackArMutated976 (FalseConditionalsMutator: Se reemplazó i > 0 por false en la línea 120.)
-> Corriendo tests de RegressionTest para la clase: StackArMutated3190 (FalseConditionalsMutator: Se reemplazó isEmpty() por false en la línea 83.)
-> Corriendo tests de RegressionTest para la clase: StackArMutated2908 (TrueConditionalsMutator: Se reemplazó this == obj por true en la línea 101.)
-> Corriendo tests de RegressionTest para la clase: StackArMutated1618 (ZeroConstantMutator: Se reemplazó 1 por 0 en la línea 12.)
-> Corriendo tests de RegressionTest para la clase: StackArMutated9027 (ZeroConstantMutator: Se reemplazó 10 por 0 en la línea 8.)
-> Corriendo tests de RegressionTest para la clase: StackArMutated2147 (TrueReturnsMutator: Se reemplazó size() == elems.length por true en la línea 61.)
-> Corriendo tests de RegressionTest para la clase: StackArMutated6109 (NegateConditionsMutator: Se reemplazó > por <= en la línea 120.)
-> Corriendo tests de RegressionTest para la clase: StackArMutated4248 (MinusOneConstantMutator: Se reemplazó 0 por -1 en la línea 57.)
-> Corriendo tests de RegressionTest para la clase: StackArMutated6748 (OneConstantMutator: Se reemplazó 31 por 1 en la línea 92.)
-> Corriendo tests de RegressionTest para la clase: StackArMutated9745 (FalseConditionalsMutator: Se reemplazó this == obj por false en la línea 101.)
-> Corriendo tests de RegressionTest para la clase: StackArMutated4971 (NegateConditionsMutator: Se reemplazó < por >= en la línea 19.)
-> Corriendo tests de RegressionTest para la clase: StackArMutated6235 (MinusOneConstantMutator: Se reemplazó 10 por -1 en la línea 8.)
-> Corriendo tests de RegressionTest para la clase: StackArMutated7049 (ZeroConstantMutator: Se reemplazó 31 por 0 en la línea 92.)
-> Corriendo tests de RegressionTest para la clase: StackArMutated364 (TrueConditionalsMutator: Se reemplazó isEmpty() por true en la línea 83.)
-> Corriendo tests de RegressionTest para la clase: StackArMutated3360 (FalseConditionalsMutator: Se reemplazó readIndex != other.readIndex por false en la línea 110.)
-> Corriendo tests de RegressionTest para la clase: StackArMutated6270 (EmptyReturnsMutator: Se reemplazó readIndex + 1 por 0 en la línea 53.)
-> Corriendo tests de RegressionTest para la clase: StackArMutated964 (NegateConditionsMutator: Se reemplazó == por != en la línea 103.)
-> Mutantes generados: 72
-> Mutantes eliminados: 57
    - StackArMutated6109 (NegateConditionsMutator: Se reemplazó > por <= en la línea 120.)
    - StackArMutated3430 (TrueConditionalsMutator: Se reemplazó isEmpty() por true en la línea 73.)
    - StackArMutated517 (ZeroConstantMutator: Se reemplazó 1 por 0 en la línea 53.)
    - StackArMutated5259 (FalseConditionalsMutator: Se reemplazó capacity < 0 por false en la línea 19.)
    - StackArMutated8249 (NullReturnsMutator: Se reemplazó rv por null en la línea 79.)
    - StackArMutated1371 (FalseConditionalsMutator: Se reemplazó getClass() != obj.getClass() por false en la línea 105.)
    - StackArMutated4248 (MinusOneConstantMutator: Se reemplazó 0 por -1 en la línea 57.)
    - StackArMutated9853 (MinusOneConstantMutator: Se reemplazó 0 por -1 en la línea 119.)
    - StackArMutated6541 (NegateConditionsMutator: Se reemplazó == por != en la línea 101.)
    - StackArMutated2147 (TrueReturnsMutator: Se reemplazó size() == elems.length por true en la línea 61.)
    - StackArMutated3235 (TrueConditionalsMutator: Se reemplazó !java.util.Arrays.equals(elems, other.elems) por true en la línea 108.)
    - StackArMutated6983 (NegateConditionsMutator: Se reemplazó == por != en la línea 57.)
    - StackArMutated594 (MathMutator: Se reemplazó + por - en la línea 53.)
    - StackArMutated6270 (EmptyReturnsMutator: Se reemplazó readIndex + 1 por 0 en la línea 53.)
    - StackArMutated194 (MinusOneConstantMutator: Se reemplazó 0 por -1 en la línea 120.)
    - StackArMutated1618 (ZeroConstantMutator: Se reemplazó 1 por 0 en la línea 12.)
    - StackArMutated2908 (TrueConditionalsMutator: Se reemplazó this == obj por true en la línea 101.)
    - StackArMutated1842 (NegateConditionsMutator: Se reemplazó == por != en la línea 61.)
    - StackArMutated3622 (ConditionalsBoundaryMutator: Se reemplazó < por <= en la línea 19.)
    - StackArMutated3902 (OneConstantMutator: Se reemplazó 10 por 1 en la línea 8.)
    - StackArMutated4039 (TrueReturnsMutator: Se reemplazó size() == 0 por true en la línea 57.)
    - StackArMutated7585 (OneConstantMutator: Se reemplazó 0 por 1 en la línea 120.)
    - StackArMutated6650 (FalseConditionalsMutator: Se reemplazó isFull() por false en la línea 65.)
    - StackArMutated964 (NegateConditionsMutator: Se reemplazó == por != en la línea 103.)
    - StackArMutated9764 (FalseConditionalsMutator: Se reemplazó !java.util.Arrays.equals(elems, other.elems) por false en la línea 108.)
    - StackArMutated8235 (OneConstantMutator: Se reemplazó 0 por 1 en la línea 119.)
    - StackArMutated364 (TrueConditionalsMutator: Se reemplazó isEmpty() por true en la línea 83.)
    - StackArMutated3190 (FalseConditionalsMutator: Se reemplazó isEmpty() por false en la línea 83.)
    - StackArMutated9692 (EmptyReturnsMutator: Se reemplazó b.toString() por "" en la línea 128.)
    - StackArMutated2819 (ConditionalsBoundaryMutator: Se reemplazó <= por < en la línea 119.)
    - StackArMutated3905 (TrueConditionalsMutator: Se reemplazó i > 0 por true en la línea 120.)
    - StackArMutated2844 (MinusOneConstantMutator: Se reemplazó 1 por -1 en la línea 53.)
    - StackArMutated3414 (OneConstantMutator: Se reemplazó 0 por 1 en la línea 57.)
    - StackArMutated2726 (TrueConditionalsMutator: Se reemplazó obj == null por true en la línea 103.)
    - StackArMutated8902 (NegateConditionsMutator: Se reemplazó != por == en la línea 110.)
    - StackArMutated2121 (OneConstantMutator: Se reemplazó 0 por 1 en la línea 19.)
    - StackArMutated3375 (FalseReturnsMutator: Se reemplazó size() == 0 por false en la línea 57.)
    - StackArMutated2120 (TrueConditionalsMutator: Se reemplazó readIndex != other.readIndex por true en la línea 110.)
    - StackArMutated1473 (TrueConditionalsMutator: Se reemplazó capacity < 0 por true en la línea 19.)
    - StackArMutated5750 (NullReturnsMutator: Se reemplazó b.toString() por null en la línea 128.)
    - StackArMutated9038 (FalseReturnsMutator: Se reemplazó true por false en la línea 112.)
    - StackArMutated3453 (ConditionalsBoundaryMutator: Se reemplazó > por >= en la línea 120.)
    - StackArMutated4860 (TrueReturnsMutator: Se reemplazó false por true en la línea 104.)
    - StackArMutated976 (FalseConditionalsMutator: Se reemplazó i > 0 por false en la línea 120.)
    - StackArMutated4193 (TrueReturnsMutator: Se reemplazó false por true en la línea 106.)
    - StackArMutated573 (TrueConditionalsMutator: Se reemplazó getClass() != obj.getClass() por true en la línea 105.)
    - StackArMutated4909 (FalseConditionalsMutator: Se reemplazó obj == null por false en la línea 103.)
    - StackArMutated6719 (NullReturnsMutator: Se reemplazó rv por null en la línea 87.)
    - StackArMutated4971 (NegateConditionsMutator: Se reemplazó < por >= en la línea 19.)
    - StackArMutated8978 (TrueReturnsMutator: Se reemplazó false por true en la línea 109.)
    - StackArMutated5942 (TrueConditionalsMutator: Se reemplazó isFull() por true en la línea 65.)
    - StackArMutated6235 (MinusOneConstantMutator: Se reemplazó 10 por -1 en la línea 8.)
    - StackArMutated9027 (ZeroConstantMutator: Se reemplazó 10 por 0 en la línea 8.)
    - StackArMutated8067 (MinusOneConstantMutator: Se reemplazó 0 por -1 en la línea 19.)
    - StackArMutated3052 (NegateConditionsMutator: Se reemplazó != por == en la línea 105.)
    - StackArMutated143 (NegateConditionsMutator: Se reemplazó <= por > en la línea 119.)
    - StackArMutated260 (FalseReturnsMutator: Se reemplazó size() == elems.length por false en la línea 61.)
-> Mutantes vivos: 15
    - StackArMutated6748 (OneConstantMutator: Se reemplazó 31 por 1 en la línea 92.)
    - StackArMutated8403 (TrueReturnsMutator: Se reemplazó false por true en la línea 111.)
    - StackArMutated3360 (FalseConditionalsMutator: Se reemplazó readIndex != other.readIndex por false en la línea 110.)
    - StackArMutated5928 (FalseConditionalsMutator: Se reemplazó isEmpty() por false en la línea 73.)
    - StackArMutated8363 (MathMutator: Se reemplazó + por - en la línea 94.)
    - StackArMutated1153 (MinusOneConstantMutator: Se reemplazó 1 por -1 en la línea 93.)
    - StackArMutated1552 (ZeroConstantMutator: Se reemplazó 1 por 0 en la línea 93.)
    - StackArMutated9 (EmptyReturnsMutator: Se reemplazó result por 0 en la línea 96.)
    - StackArMutated7807 (MinusOneConstantMutator: Se reemplazó 31 por -1 en la línea 92.)
    - StackArMutated1027 (MathMutator: Se reemplazó * por / en la línea 95.)
    - StackArMutated3727 (FalseReturnsMutator: Se reemplazó true por false en la línea 102.)
    - StackArMutated2834 (MathMutator: Se reemplazó * por / en la línea 94.)
    - StackArMutated9745 (FalseConditionalsMutator: Se reemplazó this == obj por false en la línea 101.)
    - StackArMutated7049 (ZeroConstantMutator: Se reemplazó 31 por 0 en la línea 92.)
    - StackArMutated7373 (MathMutator: Se reemplazó + por - en la línea 95.)
-> Mutation score: 79%
]]></system-out>
  <system-err><![CDATA[[Test worker] INFO org.reflections.Reflections - Reflections took 229 ms to scan 1 urls, producing 1 keys and 72 values
]]></system-err>
</testsuite>
