<?xml version="1.0" encoding="UTF-8"?>
<testsuite name="inge2.dataflow.TallerTest" tests="7" skipped="0" failures="0" errors="0" timestamp="2024-09-07T14:47:43" hostname="HP-VIOLETA" time="2.703">
  <properties/>
  <testcase name="testTarget1()" classname="inge2.dataflow.TallerTest" time="1.153"/>
  <testcase name="testTarget2()" classname="inge2.dataflow.TallerTest" time="0.399"/>
  <testcase name="testTarget3()" classname="inge2.dataflow.TallerTest" time="0.313"/>
  <testcase name="testTarget4()" classname="inge2.dataflow.TallerTest" time="0.337"/>
  <testcase name="testTarget5()" classname="inge2.dataflow.TallerTest" time="0.251"/>
  <testcase name="testTarget6()" classname="inge2.dataflow.TallerTest" time="0.237"/>
  <testcase name="testUnionPTG()" classname="inge2.dataflow.TallerTest" time="0.005"/>
  <system-out><![CDATA[Soot started on Sat Sep 07 11:47:43 ART 2024
Soot finished on Sat Sep 07 11:47:44 ART 2024
Soot has run for 0 min. 0 sec.
Soot started on Sat Sep 07 11:47:44 ART 2024
Soot finished on Sat Sep 07 11:47:45 ART 2024
Soot has run for 0 min. 0 sec.
Soot started on Sat Sep 07 11:47:45 ART 2024
Soot finished on Sat Sep 07 11:47:45 ART 2024
Soot has run for 0 min. 0 sec.
Soot started on Sat Sep 07 11:47:45 ART 2024
Soot finished on Sat Sep 07 11:47:45 ART 2024
Soot has run for 0 min. 0 sec.
Soot started on Sat Sep 07 11:47:45 ART 2024
Soot finished on Sat Sep 07 11:47:46 ART 2024
Soot has run for 0 min. 0 sec.
Soot started on Sat Sep 07 11:47:46 ART 2024
Soot finished on Sat Sep 07 11:47:46 ART 2024
Soot has run for 0 min. 0 sec.
]]></system-out>
  <system-err><![CDATA[]]></system-err>
</testsuite>
