<?xml version="1.0" encoding="UTF-8"?>
<testsuite name="inge2.dataflow.TallerTest" tests="5" skipped="0" failures="0" errors="0" timestamp="2024-09-09T22:25:51" hostname="pc24" time="28.116">
  <properties/>
  <testcase name="testAbsoluto()" classname="inge2.dataflow.TallerTest" time="4.232"/>
  <testcase name="testBusquedaLineal()" classname="inge2.dataflow.TallerTest" time="4.321"/>
  <testcase name="testSetup()" classname="inge2.dataflow.TallerTest" time="4.438"/>
  <testcase name="testMapSumaUno()" classname="inge2.dataflow.TallerTest" time="4.343"/>
  <testcase name="testStackAr()" classname="inge2.dataflow.TallerTest" time="10.782"/>
  <system-out><![CDATA[]]></system-out>
  <system-err><![CDATA[]]></system-err>
</testsuite>
